[0.011s] Invoking command in '/home/wook/my_mobile/build/my_robot_gazebo': CMAKE_PREFIX_PATH=${CMAKE_PREFIX_PATH}:/home/wook/dev_ws/install/turtlebot3_teleop:/opt/ros/humble /usr/bin/cmake --build /home/wook/my_mobile/build/my_robot_gazebo -- -j8 -l8
[0.037s] Invoked command in '/home/wook/my_mobile/build/my_robot_gazebo' returned '0': CMAKE_PREFIX_PATH=${CMAKE_PREFIX_PATH}:/home/wook/dev_ws/install/turtlebot3_teleop:/opt/ros/humble /usr/bin/cmake --build /home/wook/my_mobile/build/my_robot_gazebo -- -j8 -l8
[0.062s] Invoking command in '/home/wook/my_mobile/build/my_robot_gazebo': CMAKE_PREFIX_PATH=${CMAKE_PREFIX_PATH}:/home/wook/dev_ws/install/turtlebot3_teleop:/opt/ros/humble /usr/bin/cmake --install /home/wook/my_mobile/build/my_robot_gazebo
[0.067s] -- Install configuration: ""
[0.067s] -- Execute custom install script
[0.067s] -- Up-to-date symlink: /home/wook/my_mobile/install/my_robot_gazebo/share/my_robot_gazebo/launch/launch_sim.launch.xml
[0.068s] -- Up-to-date symlink: /home/wook/my_mobile/install/my_robot_gazebo/share/my_robot_gazebo/config/my_controllers.yaml
[0.068s] -- Up-to-date symlink: /home/wook/my_mobile/install/my_robot_gazebo/share/my_robot_gazebo/worlds/empty.world
[0.068s] -- Up-to-date symlink: /home/wook/my_mobile/install/my_robot_gazebo/share/my_robot_gazebo/worlds/my_world.world
[0.068s] -- Up-to-date symlink: /home/wook/my_mobile/install/my_robot_gazebo/share/my_robot_gazebo/worlds/simple_building.world
[0.068s] -- Up-to-date symlink: /home/wook/my_mobile/install/my_robot_gazebo/share/my_robot_gazebo/models/.empty
[0.068s] -- Up-to-date symlink: /home/wook/my_mobile/install/my_robot_gazebo/share/my_robot_gazebo/models/my_world/model.config
[0.068s] -- Up-to-date symlink: /home/wook/my_mobile/install/my_robot_gazebo/share/my_robot_gazebo/models/my_world/model.sdf
[0.068s] -- Up-to-date symlink: /home/wook/my_mobile/install/my_robot_gazebo/share/my_robot_gazebo/models/simple_building/model.config
[0.069s] -- Up-to-date symlink: /home/wook/my_mobile/install/my_robot_gazebo/share/my_robot_gazebo/models/simple_building/model.sdf
[0.069s] -- Up-to-date symlink: /home/wook/my_mobile/install/my_robot_gazebo/share/ament_index/resource_index/package_run_dependencies/my_robot_gazebo
[0.069s] -- Up-to-date symlink: /home/wook/my_mobile/install/my_robot_gazebo/share/ament_index/resource_index/parent_prefix_path/my_robot_gazebo
[0.070s] -- Up-to-date symlink: /home/wook/my_mobile/install/my_robot_gazebo/share/my_robot_gazebo/environment/ament_prefix_path.sh
[0.070s] -- Up-to-date symlink: /home/wook/my_mobile/install/my_robot_gazebo/share/my_robot_gazebo/environment/ament_prefix_path.dsv
[0.070s] -- Up-to-date symlink: /home/wook/my_mobile/install/my_robot_gazebo/share/my_robot_gazebo/environment/path.sh
[0.070s] -- Up-to-date symlink: /home/wook/my_mobile/install/my_robot_gazebo/share/my_robot_gazebo/environment/path.dsv
[0.070s] -- Up-to-date symlink: /home/wook/my_mobile/install/my_robot_gazebo/share/my_robot_gazebo/local_setup.bash
[0.070s] -- Up-to-date symlink: /home/wook/my_mobile/install/my_robot_gazebo/share/my_robot_gazebo/local_setup.sh
[0.070s] -- Up-to-date symlink: /home/wook/my_mobile/install/my_robot_gazebo/share/my_robot_gazebo/local_setup.zsh
[0.071s] -- Up-to-date symlink: /home/wook/my_mobile/install/my_robot_gazebo/share/my_robot_gazebo/local_setup.dsv
[0.071s] -- Symlinking: /home/wook/my_mobile/install/my_robot_gazebo/share/my_robot_gazebo/package.dsv
[0.076s] -- Up-to-date symlink: /home/wook/my_mobile/install/my_robot_gazebo/share/ament_index/resource_index/packages/my_robot_gazebo
[0.076s] -- Up-to-date symlink: /home/wook/my_mobile/install/my_robot_gazebo/share/my_robot_gazebo/cmake/my_robot_gazeboConfig.cmake
[0.077s] -- Up-to-date symlink: /home/wook/my_mobile/install/my_robot_gazebo/share/my_robot_gazebo/cmake/my_robot_gazeboConfig-version.cmake
[0.077s] -- Up-to-date symlink: /home/wook/my_mobile/install/my_robot_gazebo/share/my_robot_gazebo/package.xml
[0.078s] Invoked command in '/home/wook/my_mobile/build/my_robot_gazebo' returned '0': CMAKE_PREFIX_PATH=${CMAKE_PREFIX_PATH}:/home/wook/dev_ws/install/turtlebot3_teleop:/opt/ros/humble /usr/bin/cmake --install /home/wook/my_mobile/build/my_robot_gazebo
