[0.012s] Invoking command in '/home/wook/my_mobile/build/my_robot_navigation': CMAKE_PREFIX_PATH=${CMAKE_PREFIX_PATH}:/home/wook/dev_ws/install/turtlebot3_teleop:/opt/ros/humble /usr/bin/cmake --build /home/wook/my_mobile/build/my_robot_navigation -- -j8 -l8
[0.039s] Invoked command in '/home/wook/my_mobile/build/my_robot_navigation' returned '0': CMAKE_PREFIX_PATH=${CMAKE_PREFIX_PATH}:/home/wook/dev_ws/install/turtlebot3_teleop:/opt/ros/humble /usr/bin/cmake --build /home/wook/my_mobile/build/my_robot_navigation -- -j8 -l8
[0.060s] Invoking command in '/home/wook/my_mobile/build/my_robot_navigation': CMAKE_PREFIX_PATH=${CMAKE_PREFIX_PATH}:/home/wook/dev_ws/install/turtlebot3_teleop:/opt/ros/humble /usr/bin/cmake --install /home/wook/my_mobile/build/my_robot_navigation
[0.065s] -- Install configuration: ""
[0.065s] -- Execute custom install script
[0.065s] -- Up-to-date symlink: /home/wook/my_mobile/install/my_robot_navigation/share/my_robot_navigation/launch/map_building.launch.xml
[0.065s] -- Up-to-date symlink: /home/wook/my_mobile/install/my_robot_navigation/share/my_robot_navigation/config/mapper_params.yaml
[0.066s] -- Up-to-date symlink: /home/wook/my_mobile/install/my_robot_navigation/share/ament_index/resource_index/package_run_dependencies/my_robot_navigation
[0.066s] -- Up-to-date symlink: /home/wook/my_mobile/install/my_robot_navigation/share/ament_index/resource_index/parent_prefix_path/my_robot_navigation
[0.067s] -- Up-to-date symlink: /home/wook/my_mobile/install/my_robot_navigation/share/my_robot_navigation/environment/ament_prefix_path.sh
[0.067s] -- Up-to-date symlink: /home/wook/my_mobile/install/my_robot_navigation/share/my_robot_navigation/environment/ament_prefix_path.dsv
[0.067s] -- Up-to-date symlink: /home/wook/my_mobile/install/my_robot_navigation/share/my_robot_navigation/environment/path.sh
[0.067s] -- Up-to-date symlink: /home/wook/my_mobile/install/my_robot_navigation/share/my_robot_navigation/environment/path.dsv
[0.067s] -- Up-to-date symlink: /home/wook/my_mobile/install/my_robot_navigation/share/my_robot_navigation/local_setup.bash
[0.067s] -- Up-to-date symlink: /home/wook/my_mobile/install/my_robot_navigation/share/my_robot_navigation/local_setup.sh
[0.068s] -- Up-to-date symlink: /home/wook/my_mobile/install/my_robot_navigation/share/my_robot_navigation/local_setup.zsh
[0.068s] -- Up-to-date symlink: /home/wook/my_mobile/install/my_robot_navigation/share/my_robot_navigation/local_setup.dsv
[0.068s] -- Symlinking: /home/wook/my_mobile/install/my_robot_navigation/share/my_robot_navigation/package.dsv
[0.073s] -- Up-to-date symlink: /home/wook/my_mobile/install/my_robot_navigation/share/ament_index/resource_index/packages/my_robot_navigation
[0.073s] -- Up-to-date symlink: /home/wook/my_mobile/install/my_robot_navigation/share/my_robot_navigation/cmake/my_robot_navigationConfig.cmake
[0.074s] -- Up-to-date symlink: /home/wook/my_mobile/install/my_robot_navigation/share/my_robot_navigation/cmake/my_robot_navigationConfig-version.cmake
[0.074s] -- Up-to-date symlink: /home/wook/my_mobile/install/my_robot_navigation/share/my_robot_navigation/package.xml
[0.082s] Invoked command in '/home/wook/my_mobile/build/my_robot_navigation' returned '0': CMAKE_PREFIX_PATH=${CMAKE_PREFIX_PATH}:/home/wook/dev_ws/install/turtlebot3_teleop:/opt/ros/humble /usr/bin/cmake --install /home/wook/my_mobile/build/my_robot_navigation
