[0.012s] Invoking command in '/home/wook/my_mobile/build/my_robot_navigation': CMAKE_PREFIX_PATH=${CMAKE_PREFIX_PATH}:/home/wook/dev_ws/install/turtlebot3_teleop:/opt/ros/humble /usr/bin/cmake --build /home/wook/my_mobile/build/my_robot_navigation -- -j8 -l8
[0.038s] Invoked command in '/home/wook/my_mobile/build/my_robot_navigation' returned '0': CMAKE_PREFIX_PATH=${CMAKE_PREFIX_PATH}:/home/wook/dev_ws/install/turtlebot3_teleop:/opt/ros/humble /usr/bin/cmake --build /home/wook/my_mobile/build/my_robot_navigation -- -j8 -l8
[0.061s] Invoking command in '/home/wook/my_mobile/build/my_robot_navigation': CMAKE_PREFIX_PATH=${CMAKE_PREFIX_PATH}:/home/wook/dev_ws/install/turtlebot3_teleop:/opt/ros/humble /usr/bin/cmake --install /home/wook/my_mobile/build/my_robot_navigation
[0.068s] -- Install configuration: ""
[0.068s] -- Execute custom install script
[0.068s] -- Up-to-date symlink: /home/wook/my_mobile/install/my_robot_navigation/share/my_robot_navigation/launch/bringup_launch.xml
[0.068s] -- Up-to-date symlink: /home/wook/my_mobile/install/my_robot_navigation/share/my_robot_navigation/launch/localization_launch.xml
[0.068s] -- Up-to-date symlink: /home/wook/my_mobile/install/my_robot_navigation/share/my_robot_navigation/launch/map_building.launch.xml
[0.068s] -- Up-to-date symlink: /home/wook/my_mobile/install/my_robot_navigation/share/my_robot_navigation/launch/nav2_view.launch.xml
[0.068s] -- Up-to-date symlink: /home/wook/my_mobile/install/my_robot_navigation/share/my_robot_navigation/launch/navigation_launch.xml
[0.069s] -- Up-to-date symlink: /home/wook/my_mobile/install/my_robot_navigation/share/my_robot_navigation/config/mapper_params.yaml
[0.069s] -- Up-to-date symlink: /home/wook/my_mobile/install/my_robot_navigation/share/my_robot_navigation/config/nav2_params.yaml
[0.069s] -- Symlinking: /home/wook/my_mobile/install/my_robot_navigation/share/my_robot_navigation/maps/map_name.pgm
[0.074s] -- Symlinking: /home/wook/my_mobile/install/my_robot_navigation/share/my_robot_navigation/maps/map_name.yaml
[0.081s] -- Up-to-date symlink: /home/wook/my_mobile/install/my_robot_navigation/share/my_robot_navigation/maps/test_map.pgm
[0.081s] -- Up-to-date symlink: /home/wook/my_mobile/install/my_robot_navigation/share/my_robot_navigation/maps/test_map.yaml
[0.081s] -- Up-to-date symlink: /home/wook/my_mobile/install/my_robot_navigation/share/my_robot_navigation/rviz/nav2_view.rviz
[0.081s] -- Up-to-date symlink: /home/wook/my_mobile/install/my_robot_navigation/share/ament_index/resource_index/package_run_dependencies/my_robot_navigation
[0.081s] -- Up-to-date symlink: /home/wook/my_mobile/install/my_robot_navigation/share/ament_index/resource_index/parent_prefix_path/my_robot_navigation
[0.081s] -- Up-to-date symlink: /home/wook/my_mobile/install/my_robot_navigation/share/my_robot_navigation/environment/ament_prefix_path.sh
[0.081s] -- Up-to-date symlink: /home/wook/my_mobile/install/my_robot_navigation/share/my_robot_navigation/environment/ament_prefix_path.dsv
[0.081s] -- Up-to-date symlink: /home/wook/my_mobile/install/my_robot_navigation/share/my_robot_navigation/environment/path.sh
[0.081s] -- Up-to-date symlink: /home/wook/my_mobile/install/my_robot_navigation/share/my_robot_navigation/environment/path.dsv
[0.082s] -- Up-to-date symlink: /home/wook/my_mobile/install/my_robot_navigation/share/my_robot_navigation/local_setup.bash
[0.082s] -- Up-to-date symlink: /home/wook/my_mobile/install/my_robot_navigation/share/my_robot_navigation/local_setup.sh
[0.082s] -- Up-to-date symlink: /home/wook/my_mobile/install/my_robot_navigation/share/my_robot_navigation/local_setup.zsh
[0.082s] -- Up-to-date symlink: /home/wook/my_mobile/install/my_robot_navigation/share/my_robot_navigation/local_setup.dsv
[0.082s] -- Symlinking: /home/wook/my_mobile/install/my_robot_navigation/share/my_robot_navigation/package.dsv
[0.088s] -- Up-to-date symlink: /home/wook/my_mobile/install/my_robot_navigation/share/ament_index/resource_index/packages/my_robot_navigation
[0.089s] -- Up-to-date symlink: /home/wook/my_mobile/install/my_robot_navigation/share/my_robot_navigation/cmake/my_robot_navigationConfig.cmake
[0.089s] -- Up-to-date symlink: /home/wook/my_mobile/install/my_robot_navigation/share/my_robot_navigation/cmake/my_robot_navigationConfig-version.cmake
[0.089s] -- Up-to-date symlink: /home/wook/my_mobile/install/my_robot_navigation/share/my_robot_navigation/package.xml
[0.090s] Invoked command in '/home/wook/my_mobile/build/my_robot_navigation' returned '0': CMAKE_PREFIX_PATH=${CMAKE_PREFIX_PATH}:/home/wook/dev_ws/install/turtlebot3_teleop:/opt/ros/humble /usr/bin/cmake --install /home/wook/my_mobile/build/my_robot_navigation
