-- Install configuration: ""
-- Execute custom install script
-- Up-to-date symlink: /home/wook/my_mobile/install/my_robot_description/share/my_robot_description/rviz/urdf_config.rviz
-- Up-to-date symlink: /home/wook/my_mobile/install/my_robot_description/share/my_robot_description/urdf/camera.xacro
-- Up-to-date symlink: /home/wook/my_mobile/install/my_robot_description/share/my_robot_description/urdf/gazebo_control.xacro
-- Up-to-date symlink: /home/wook/my_mobile/install/my_robot_description/share/my_robot_description/urdf/lidar.xacro
-- Up-to-date symlink: /home/wook/my_mobile/install/my_robot_description/share/my_robot_description/urdf/robot.urdf.xacro
-- Up-to-date symlink: /home/wook/my_mobile/install/my_robot_description/share/my_robot_description/urdf/robot_core.xacro
-- Up-to-date symlink: /home/wook/my_mobile/install/my_robot_description/share/my_robot_description/urdf/robot_gazebo.xacro
-- Up-to-date symlink: /home/wook/my_mobile/install/my_robot_description/share/my_robot_description/urdf/ros2_control.xacro
-- Up-to-date symlink: /home/wook/my_mobile/install/my_robot_description/share/my_robot_description/launch/display.launch.xml
-- Up-to-date symlink: /home/wook/my_mobile/install/my_robot_description/share/my_robot_description/launch/upload.launch.xml
-- Up-to-date symlink: /home/wook/my_mobile/install/my_robot_description/share/my_robot_description/meshes/collision/base_link.stl
-- Up-to-date symlink: /home/wook/my_mobile/install/my_robot_description/share/my_robot_description/meshes/collision/front_camera.stl
-- Up-to-date symlink: /home/wook/my_mobile/install/my_robot_description/share/my_robot_description/meshes/collision/ul_sensor.stl
-- Up-to-date symlink: /home/wook/my_mobile/install/my_robot_description/share/my_robot_description/meshes/collision/wheel.stl
-- Up-to-date symlink: /home/wook/my_mobile/install/my_robot_description/share/my_robot_description/meshes/collision/ydlidar_x2_assy.stl
-- Up-to-date symlink: /home/wook/my_mobile/install/my_robot_description/share/my_robot_description/meshes/visual/base_link.dae
-- Up-to-date symlink: /home/wook/my_mobile/install/my_robot_description/share/my_robot_description/meshes/visual/front_camera.dae
-- Up-to-date symlink: /home/wook/my_mobile/install/my_robot_description/share/my_robot_description/meshes/visual/front_camera.png
-- Up-to-date symlink: /home/wook/my_mobile/install/my_robot_description/share/my_robot_description/meshes/visual/ul_sensor.dae
-- Up-to-date symlink: /home/wook/my_mobile/install/my_robot_description/share/my_robot_description/meshes/visual/wheel.dae
-- Up-to-date symlink: /home/wook/my_mobile/install/my_robot_description/share/my_robot_description/meshes/visual/wheel.png
-- Up-to-date symlink: /home/wook/my_mobile/install/my_robot_description/share/my_robot_description/meshes/visual/ydlidar_x2.png
-- Up-to-date symlink: /home/wook/my_mobile/install/my_robot_description/share/my_robot_description/meshes/visual/ydlidar_x2_assy.dae
-- Up-to-date symlink: /home/wook/my_mobile/install/my_robot_description/share/ament_index/resource_index/package_run_dependencies/my_robot_description
-- Up-to-date symlink: /home/wook/my_mobile/install/my_robot_description/share/ament_index/resource_index/parent_prefix_path/my_robot_description
-- Up-to-date symlink: /home/wook/my_mobile/install/my_robot_description/share/my_robot_description/environment/ament_prefix_path.sh
-- Up-to-date symlink: /home/wook/my_mobile/install/my_robot_description/share/my_robot_description/environment/ament_prefix_path.dsv
-- Up-to-date symlink: /home/wook/my_mobile/install/my_robot_description/share/my_robot_description/environment/path.sh
-- Up-to-date symlink: /home/wook/my_mobile/install/my_robot_description/share/my_robot_description/environment/path.dsv
-- Up-to-date symlink: /home/wook/my_mobile/install/my_robot_description/share/my_robot_description/local_setup.bash
-- Up-to-date symlink: /home/wook/my_mobile/install/my_robot_description/share/my_robot_description/local_setup.sh
-- Up-to-date symlink: /home/wook/my_mobile/install/my_robot_description/share/my_robot_description/local_setup.zsh
-- Up-to-date symlink: /home/wook/my_mobile/install/my_robot_description/share/my_robot_description/local_setup.dsv
-- Symlinking: /home/wook/my_mobile/install/my_robot_description/share/my_robot_description/package.dsv
-- Up-to-date symlink: /home/wook/my_mobile/install/my_robot_description/share/ament_index/resource_index/packages/my_robot_description
-- Up-to-date symlink: /home/wook/my_mobile/install/my_robot_description/share/my_robot_description/cmake/my_robot_descriptionConfig.cmake
-- Up-to-date symlink: /home/wook/my_mobile/install/my_robot_description/share/my_robot_description/cmake/my_robot_descriptionConfig-version.cmake
-- Up-to-date symlink: /home/wook/my_mobile/install/my_robot_description/share/my_robot_description/package.xml
