[0.009s] Invoking command in '/home/wook/my_mobile/build/my_robot_gazebo': CMAKE_PREFIX_PATH=${CMAKE_PREFIX_PATH}:/home/wook/dev_ws/install/turtlebot3_teleop:/opt/ros/humble /usr/bin/cmake --build /home/wook/my_mobile/build/my_robot_gazebo -- -j8 -l8
[0.036s] Invoked command in '/home/wook/my_mobile/build/my_robot_gazebo' returned '0': CMAKE_PREFIX_PATH=${CMAKE_PREFIX_PATH}:/home/wook/dev_ws/install/turtlebot3_teleop:/opt/ros/humble /usr/bin/cmake --build /home/wook/my_mobile/build/my_robot_gazebo -- -j8 -l8
[0.061s] Invoking command in '/home/wook/my_mobile/build/my_robot_gazebo': CMAKE_PREFIX_PATH=${CMAKE_PREFIX_PATH}:/home/wook/dev_ws/install/turtlebot3_teleop:/opt/ros/humble /usr/bin/cmake --install /home/wook/my_mobile/build/my_robot_gazebo
[0.066s] -- Install configuration: ""
[0.067s] -- Execute custom install script
[0.067s] -- Up-to-date symlink: /home/wook/my_mobile/install/my_robot_gazebo/share/my_robot_gazebo/launch/launch_sim.launch.xml
[0.067s] -- Up-to-date symlink: /home/wook/my_mobile/install/my_robot_gazebo/share/my_robot_gazebo/config/my_controllers.yaml
[0.067s] -- Up-to-date symlink: /home/wook/my_mobile/install/my_robot_gazebo/share/ament_index/resource_index/package_run_dependencies/my_robot_gazebo
[0.067s] -- Up-to-date symlink: /home/wook/my_mobile/install/my_robot_gazebo/share/ament_index/resource_index/parent_prefix_path/my_robot_gazebo
[0.068s] -- Up-to-date symlink: /home/wook/my_mobile/install/my_robot_gazebo/share/my_robot_gazebo/environment/ament_prefix_path.sh
[0.068s] -- Up-to-date symlink: /home/wook/my_mobile/install/my_robot_gazebo/share/my_robot_gazebo/environment/ament_prefix_path.dsv
[0.068s] -- Up-to-date symlink: /home/wook/my_mobile/install/my_robot_gazebo/share/my_robot_gazebo/environment/path.sh
[0.068s] -- Up-to-date symlink: /home/wook/my_mobile/install/my_robot_gazebo/share/my_robot_gazebo/environment/path.dsv
[0.068s] -- Up-to-date symlink: /home/wook/my_mobile/install/my_robot_gazebo/share/my_robot_gazebo/local_setup.bash
[0.068s] -- Up-to-date symlink: /home/wook/my_mobile/install/my_robot_gazebo/share/my_robot_gazebo/local_setup.sh
[0.068s] -- Up-to-date symlink: /home/wook/my_mobile/install/my_robot_gazebo/share/my_robot_gazebo/local_setup.zsh
[0.068s] -- Up-to-date symlink: /home/wook/my_mobile/install/my_robot_gazebo/share/my_robot_gazebo/local_setup.dsv
[0.068s] -- Symlinking: /home/wook/my_mobile/install/my_robot_gazebo/share/my_robot_gazebo/package.dsv
[0.076s] -- Up-to-date symlink: /home/wook/my_mobile/install/my_robot_gazebo/share/ament_index/resource_index/packages/my_robot_gazebo
[0.077s] -- Up-to-date symlink: /home/wook/my_mobile/install/my_robot_gazebo/share/my_robot_gazebo/cmake/my_robot_gazeboConfig.cmake
[0.077s] -- Up-to-date symlink: /home/wook/my_mobile/install/my_robot_gazebo/share/my_robot_gazebo/cmake/my_robot_gazeboConfig-version.cmake
[0.077s] -- Up-to-date symlink: /home/wook/my_mobile/install/my_robot_gazebo/share/my_robot_gazebo/package.xml
[0.078s] Invoked command in '/home/wook/my_mobile/build/my_robot_gazebo' returned '0': CMAKE_PREFIX_PATH=${CMAKE_PREFIX_PATH}:/home/wook/dev_ws/install/turtlebot3_teleop:/opt/ros/humble /usr/bin/cmake --install /home/wook/my_mobile/build/my_robot_gazebo
