[0.009s] Invoking command in '/home/wook/my_mobile/build/my_robot_gazebo': CMAKE_PREFIX_PATH=${CMAKE_PREFIX_PATH}:/home/wook/dev_ws/install/turtlebot3_teleop:/opt/ros/humble /usr/bin/cmake --build /home/wook/my_mobile/build/my_robot_gazebo -- -j8 -l8
[0.025s] -- Found ament_cmake: 1.3.8 (/opt/ros/humble/share/ament_cmake/cmake)
[0.119s] -- Override CMake install command with custom implementation using symlinks instead of copying resources
[0.123s] -- Found ament_lint_auto: 0.12.10 (/opt/ros/humble/share/ament_lint_auto/cmake)
[0.168s] -- Added test 'lint_cmake' to check CMake code style
[0.168s] -- Added test 'xmllint' to check XML markup files
[0.168s] -- Configuring done
[0.170s] -- Generating done
[0.170s] -- Build files have been written to: /home/wook/my_mobile/build/my_robot_gazebo
[0.186s] Invoked command in '/home/wook/my_mobile/build/my_robot_gazebo' returned '0': CMAKE_PREFIX_PATH=${CMAKE_PREFIX_PATH}:/home/wook/dev_ws/install/turtlebot3_teleop:/opt/ros/humble /usr/bin/cmake --build /home/wook/my_mobile/build/my_robot_gazebo -- -j8 -l8
[0.206s] Invoking command in '/home/wook/my_mobile/build/my_robot_gazebo': CMAKE_PREFIX_PATH=${CMAKE_PREFIX_PATH}:/home/wook/dev_ws/install/turtlebot3_teleop:/opt/ros/humble /usr/bin/cmake --install /home/wook/my_mobile/build/my_robot_gazebo
[0.214s] -- Install configuration: ""
[0.215s] -- Execute custom install script
[0.215s] -- Up-to-date symlink: /home/wook/my_mobile/install/my_robot_gazebo/share/my_robot_gazebo/launch/launch_sim.launch.xml
[0.215s] -- Symlinking: /home/wook/my_mobile/install/my_robot_gazebo/share/my_robot_gazebo/config/my_controllers.yaml
[0.223s] -- Up-to-date symlink: /home/wook/my_mobile/install/my_robot_gazebo/share/ament_index/resource_index/package_run_dependencies/my_robot_gazebo
[0.223s] -- Up-to-date symlink: /home/wook/my_mobile/install/my_robot_gazebo/share/ament_index/resource_index/parent_prefix_path/my_robot_gazebo
[0.223s] -- Up-to-date symlink: /home/wook/my_mobile/install/my_robot_gazebo/share/my_robot_gazebo/environment/ament_prefix_path.sh
[0.223s] -- Up-to-date symlink: /home/wook/my_mobile/install/my_robot_gazebo/share/my_robot_gazebo/environment/ament_prefix_path.dsv
[0.223s] -- Up-to-date symlink: /home/wook/my_mobile/install/my_robot_gazebo/share/my_robot_gazebo/environment/path.sh
[0.223s] -- Up-to-date symlink: /home/wook/my_mobile/install/my_robot_gazebo/share/my_robot_gazebo/environment/path.dsv
[0.223s] -- Up-to-date symlink: /home/wook/my_mobile/install/my_robot_gazebo/share/my_robot_gazebo/local_setup.bash
[0.223s] -- Up-to-date symlink: /home/wook/my_mobile/install/my_robot_gazebo/share/my_robot_gazebo/local_setup.sh
[0.223s] -- Up-to-date symlink: /home/wook/my_mobile/install/my_robot_gazebo/share/my_robot_gazebo/local_setup.zsh
[0.223s] -- Up-to-date symlink: /home/wook/my_mobile/install/my_robot_gazebo/share/my_robot_gazebo/local_setup.dsv
[0.223s] -- Symlinking: /home/wook/my_mobile/install/my_robot_gazebo/share/my_robot_gazebo/package.dsv
[0.232s] -- Up-to-date symlink: /home/wook/my_mobile/install/my_robot_gazebo/share/ament_index/resource_index/packages/my_robot_gazebo
[0.232s] -- Up-to-date symlink: /home/wook/my_mobile/install/my_robot_gazebo/share/my_robot_gazebo/cmake/my_robot_gazeboConfig.cmake
[0.232s] -- Up-to-date symlink: /home/wook/my_mobile/install/my_robot_gazebo/share/my_robot_gazebo/cmake/my_robot_gazeboConfig-version.cmake
[0.232s] -- Up-to-date symlink: /home/wook/my_mobile/install/my_robot_gazebo/share/my_robot_gazebo/package.xml
[0.235s] Invoked command in '/home/wook/my_mobile/build/my_robot_gazebo' returned '0': CMAKE_PREFIX_PATH=${CMAKE_PREFIX_PATH}:/home/wook/dev_ws/install/turtlebot3_teleop:/opt/ros/humble /usr/bin/cmake --install /home/wook/my_mobile/build/my_robot_gazebo
