[0.011s] Invoking command in '/home/wook/my_mobile/build/my_robot_navigation': CMAKE_PREFIX_PATH=${CMAKE_PREFIX_PATH}:/home/wook/dev_ws/install/turtlebot3_teleop:/opt/ros/humble /usr/bin/cmake /home/wook/my_mobile/src/my_robot_navigation -DAMENT_CMAKE_SYMLINK_INSTALL=1 -DCMAKE_INSTALL_PREFIX=/home/wook/my_mobile/install/my_robot_navigation
[0.105s] -- The C compiler identification is GNU 11.4.0
[0.170s] -- The CXX compiler identification is GNU 11.4.0
[0.176s] -- Detecting C compiler ABI info
[0.226s] -- Detecting C compiler ABI info - done
[0.231s] -- Check for working C compiler: /usr/bin/cc - skipped
[0.231s] -- Detecting C compile features
[0.232s] -- Detecting C compile features - done
[0.234s] -- Detecting CXX compiler ABI info
[0.291s] -- Detecting CXX compiler ABI info - done
[0.296s] -- Check for working CXX compiler: /usr/bin/c++ - skipped
[0.296s] -- Detecting CXX compile features
[0.296s] -- Detecting CXX compile features - done
[0.300s] -- Found ament_cmake: 1.3.8 (/opt/ros/humble/share/ament_cmake/cmake)
[0.522s] -- Found Python3: /usr/bin/python3 (found version "3.10.12") found components: Interpreter 
[0.561s] -- Override CMake install command with custom implementation using symlinks instead of copying resources
[0.596s] -- Found ament_lint_auto: 0.12.10 (/opt/ros/humble/share/ament_lint_auto/cmake)
[0.652s] -- Added test 'lint_cmake' to check CMake code style
[0.653s] -- Added test 'xmllint' to check XML markup files
[0.655s] -- Configuring done
[0.657s] -- Generating done
[0.657s] -- Build files have been written to: /home/wook/my_mobile/build/my_robot_navigation
[0.660s] Invoked command in '/home/wook/my_mobile/build/my_robot_navigation' returned '0': CMAKE_PREFIX_PATH=${CMAKE_PREFIX_PATH}:/home/wook/dev_ws/install/turtlebot3_teleop:/opt/ros/humble /usr/bin/cmake /home/wook/my_mobile/src/my_robot_navigation -DAMENT_CMAKE_SYMLINK_INSTALL=1 -DCMAKE_INSTALL_PREFIX=/home/wook/my_mobile/install/my_robot_navigation
[0.661s] Invoking command in '/home/wook/my_mobile/build/my_robot_navigation': CMAKE_PREFIX_PATH=${CMAKE_PREFIX_PATH}:/home/wook/dev_ws/install/turtlebot3_teleop:/opt/ros/humble /usr/bin/cmake --build /home/wook/my_mobile/build/my_robot_navigation -- -j8 -l8
[0.688s] Invoked command in '/home/wook/my_mobile/build/my_robot_navigation' returned '0': CMAKE_PREFIX_PATH=${CMAKE_PREFIX_PATH}:/home/wook/dev_ws/install/turtlebot3_teleop:/opt/ros/humble /usr/bin/cmake --build /home/wook/my_mobile/build/my_robot_navigation -- -j8 -l8
[0.706s] Invoking command in '/home/wook/my_mobile/build/my_robot_navigation': CMAKE_PREFIX_PATH=${CMAKE_PREFIX_PATH}:/home/wook/dev_ws/install/turtlebot3_teleop:/opt/ros/humble /usr/bin/cmake --install /home/wook/my_mobile/build/my_robot_navigation
[0.712s] -- Install configuration: ""
[0.712s] -- Execute custom install script
[0.712s] -- Symlinking: /home/wook/my_mobile/install/my_robot_navigation/share/my_robot_navigation/launch/map_building.launch.xml
[0.719s] -- Symlinking: /home/wook/my_mobile/install/my_robot_navigation/share/my_robot_navigation/config/mapper_params.yaml
[0.726s] -- Symlinking: /home/wook/my_mobile/install/my_robot_navigation/share/ament_index/resource_index/package_run_dependencies/my_robot_navigation
[0.735s] -- Symlinking: /home/wook/my_mobile/install/my_robot_navigation/share/ament_index/resource_index/parent_prefix_path/my_robot_navigation
[0.742s] -- Symlinking: /home/wook/my_mobile/install/my_robot_navigation/share/my_robot_navigation/environment/ament_prefix_path.sh
[0.749s] -- Symlinking: /home/wook/my_mobile/install/my_robot_navigation/share/my_robot_navigation/environment/ament_prefix_path.dsv
[0.755s] -- Symlinking: /home/wook/my_mobile/install/my_robot_navigation/share/my_robot_navigation/environment/path.sh
[0.761s] -- Symlinking: /home/wook/my_mobile/install/my_robot_navigation/share/my_robot_navigation/environment/path.dsv
[0.767s] -- Symlinking: /home/wook/my_mobile/install/my_robot_navigation/share/my_robot_navigation/local_setup.bash
[0.774s] -- Symlinking: /home/wook/my_mobile/install/my_robot_navigation/share/my_robot_navigation/local_setup.sh
[0.780s] -- Symlinking: /home/wook/my_mobile/install/my_robot_navigation/share/my_robot_navigation/local_setup.zsh
[0.786s] -- Symlinking: /home/wook/my_mobile/install/my_robot_navigation/share/my_robot_navigation/local_setup.dsv
[0.793s] -- Symlinking: /home/wook/my_mobile/install/my_robot_navigation/share/my_robot_navigation/package.dsv
[0.800s] -- Symlinking: /home/wook/my_mobile/install/my_robot_navigation/share/ament_index/resource_index/packages/my_robot_navigation
[0.806s] -- Symlinking: /home/wook/my_mobile/install/my_robot_navigation/share/my_robot_navigation/cmake/my_robot_navigationConfig.cmake
[0.812s] -- Symlinking: /home/wook/my_mobile/install/my_robot_navigation/share/my_robot_navigation/cmake/my_robot_navigationConfig-version.cmake
[0.819s] -- Symlinking: /home/wook/my_mobile/install/my_robot_navigation/share/my_robot_navigation/package.xml
[0.827s] Invoked command in '/home/wook/my_mobile/build/my_robot_navigation' returned '0': CMAKE_PREFIX_PATH=${CMAKE_PREFIX_PATH}:/home/wook/dev_ws/install/turtlebot3_teleop:/opt/ros/humble /usr/bin/cmake --install /home/wook/my_mobile/build/my_robot_navigation
