[0.009s] Invoking command in '/home/wook/my_mobile/build/my_robot_gazebo': CMAKE_PREFIX_PATH=${CMAKE_PREFIX_PATH}:/home/wook/dev_ws/install/turtlebot3_teleop:/opt/ros/humble /usr/bin/cmake /home/wook/my_mobile/src/my_robot_gazebo -DAMENT_CMAKE_SYMLINK_INSTALL=1 -DCMAKE_INSTALL_PREFIX=/home/wook/my_mobile/install/my_robot_gazebo
[0.045s] -- The C compiler identification is GNU 11.4.0
[0.084s] -- The CXX compiler identification is GNU 11.4.0
[0.090s] -- Detecting C compiler ABI info
[0.139s] -- Detecting C compiler ABI info - done
[0.145s] -- Check for working C compiler: /usr/bin/cc - skipped
[0.145s] -- Detecting C compile features
[0.146s] -- Detecting C compile features - done
[0.148s] -- Detecting CXX compiler ABI info
[0.215s] -- Detecting CXX compiler ABI info - done
[0.219s] -- Check for working CXX compiler: /usr/bin/c++ - skipped
[0.220s] -- Detecting CXX compile features
[0.220s] -- Detecting CXX compile features - done
[0.222s] -- Found ament_cmake: 1.3.8 (/opt/ros/humble/share/ament_cmake/cmake)
[0.443s] -- Found Python3: /usr/bin/python3 (found version "3.10.12") found components: Interpreter 
[0.482s] -- Override CMake install command with custom implementation using symlinks instead of copying resources
[0.511s] -- Found ament_lint_auto: 0.12.10 (/opt/ros/humble/share/ament_lint_auto/cmake)
[0.579s] -- Added test 'lint_cmake' to check CMake code style
[0.580s] -- Added test 'xmllint' to check XML markup files
[0.581s] -- Configuring done
[0.583s] -- Generating done
[0.583s] -- Build files have been written to: /home/wook/my_mobile/build/my_robot_gazebo
[0.588s] Invoked command in '/home/wook/my_mobile/build/my_robot_gazebo' returned '0': CMAKE_PREFIX_PATH=${CMAKE_PREFIX_PATH}:/home/wook/dev_ws/install/turtlebot3_teleop:/opt/ros/humble /usr/bin/cmake /home/wook/my_mobile/src/my_robot_gazebo -DAMENT_CMAKE_SYMLINK_INSTALL=1 -DCMAKE_INSTALL_PREFIX=/home/wook/my_mobile/install/my_robot_gazebo
[0.589s] Invoking command in '/home/wook/my_mobile/build/my_robot_gazebo': CMAKE_PREFIX_PATH=${CMAKE_PREFIX_PATH}:/home/wook/dev_ws/install/turtlebot3_teleop:/opt/ros/humble /usr/bin/cmake --build /home/wook/my_mobile/build/my_robot_gazebo -- -j8 -l8
[0.623s] Invoked command in '/home/wook/my_mobile/build/my_robot_gazebo' returned '0': CMAKE_PREFIX_PATH=${CMAKE_PREFIX_PATH}:/home/wook/dev_ws/install/turtlebot3_teleop:/opt/ros/humble /usr/bin/cmake --build /home/wook/my_mobile/build/my_robot_gazebo -- -j8 -l8
[0.642s] Invoking command in '/home/wook/my_mobile/build/my_robot_gazebo': CMAKE_PREFIX_PATH=${CMAKE_PREFIX_PATH}:/home/wook/dev_ws/install/turtlebot3_teleop:/opt/ros/humble /usr/bin/cmake --install /home/wook/my_mobile/build/my_robot_gazebo
[0.648s] -- Install configuration: ""
[0.648s] -- Execute custom install script
[0.648s] -- Symlinking: /home/wook/my_mobile/install/my_robot_gazebo/share/my_robot_gazebo/launch/launch_sim.launch.xml
[0.655s] -- Symlinking: /home/wook/my_mobile/install/my_robot_gazebo/share/ament_index/resource_index/package_run_dependencies/my_robot_gazebo
[0.663s] -- Symlinking: /home/wook/my_mobile/install/my_robot_gazebo/share/ament_index/resource_index/parent_prefix_path/my_robot_gazebo
[0.669s] -- Symlinking: /home/wook/my_mobile/install/my_robot_gazebo/share/my_robot_gazebo/environment/ament_prefix_path.sh
[0.676s] -- Symlinking: /home/wook/my_mobile/install/my_robot_gazebo/share/my_robot_gazebo/environment/ament_prefix_path.dsv
[0.683s] -- Symlinking: /home/wook/my_mobile/install/my_robot_gazebo/share/my_robot_gazebo/environment/path.sh
[0.689s] -- Symlinking: /home/wook/my_mobile/install/my_robot_gazebo/share/my_robot_gazebo/environment/path.dsv
[0.696s] -- Symlinking: /home/wook/my_mobile/install/my_robot_gazebo/share/my_robot_gazebo/local_setup.bash
[0.702s] -- Symlinking: /home/wook/my_mobile/install/my_robot_gazebo/share/my_robot_gazebo/local_setup.sh
[0.709s] -- Symlinking: /home/wook/my_mobile/install/my_robot_gazebo/share/my_robot_gazebo/local_setup.zsh
[0.716s] -- Symlinking: /home/wook/my_mobile/install/my_robot_gazebo/share/my_robot_gazebo/local_setup.dsv
[0.722s] -- Symlinking: /home/wook/my_mobile/install/my_robot_gazebo/share/my_robot_gazebo/package.dsv
[0.729s] -- Symlinking: /home/wook/my_mobile/install/my_robot_gazebo/share/ament_index/resource_index/packages/my_robot_gazebo
[0.736s] -- Symlinking: /home/wook/my_mobile/install/my_robot_gazebo/share/my_robot_gazebo/cmake/my_robot_gazeboConfig.cmake
[0.743s] -- Symlinking: /home/wook/my_mobile/install/my_robot_gazebo/share/my_robot_gazebo/cmake/my_robot_gazeboConfig-version.cmake
[0.749s] -- Symlinking: /home/wook/my_mobile/install/my_robot_gazebo/share/my_robot_gazebo/package.xml
[0.760s] Invoked command in '/home/wook/my_mobile/build/my_robot_gazebo' returned '0': CMAKE_PREFIX_PATH=${CMAKE_PREFIX_PATH}:/home/wook/dev_ws/install/turtlebot3_teleop:/opt/ros/humble /usr/bin/cmake --install /home/wook/my_mobile/build/my_robot_gazebo
