-- Found ament_cmake: 1.3.8 (/opt/ros/humble/share/ament_cmake/cmake)
-- Override CMake install command with custom implementation using symlinks instead of copying resources
-- Found ament_lint_auto: 0.12.10 (/opt/ros/humble/share/ament_lint_auto/cmake)
-- Added test 'lint_cmake' to check CMake code style
-- Added test 'xmllint' to check XML markup files
-- Configuring done
-- Generating done
-- Build files have been written to: /home/wook/my_mobile/build/my_robot_gazebo
-- Install configuration: ""
-- Execute custom install script
-- Up-to-date symlink: /home/wook/my_mobile/install/my_robot_gazebo/share/my_robot_gazebo/launch/launch_sim.launch.xml
-- Up-to-date symlink: /home/wook/my_mobile/install/my_robot_gazebo/share/my_robot_gazebo/config/my_controllers.yaml
-- Symlinking: /home/wook/my_mobile/install/my_robot_gazebo/share/my_robot_gazebo/worlds/empty.world
-- Symlinking: /home/wook/my_mobile/install/my_robot_gazebo/share/my_robot_gazebo/worlds/my_world.world
-- Symlinking: /home/wook/my_mobile/install/my_robot_gazebo/share/my_robot_gazebo/worlds/simple_building.world
-- Symlinking: /home/wook/my_mobile/install/my_robot_gazebo/share/my_robot_gazebo/models/.empty
-- Symlinking: /home/wook/my_mobile/install/my_robot_gazebo/share/my_robot_gazebo/models/my_world/model.config
-- Symlinking: /home/wook/my_mobile/install/my_robot_gazebo/share/my_robot_gazebo/models/my_world/model.sdf
-- Symlinking: /home/wook/my_mobile/install/my_robot_gazebo/share/my_robot_gazebo/models/simple_building/model.config
-- Symlinking: /home/wook/my_mobile/install/my_robot_gazebo/share/my_robot_gazebo/models/simple_building/model.sdf
-- Up-to-date symlink: /home/wook/my_mobile/install/my_robot_gazebo/share/ament_index/resource_index/package_run_dependencies/my_robot_gazebo
-- Up-to-date symlink: /home/wook/my_mobile/install/my_robot_gazebo/share/ament_index/resource_index/parent_prefix_path/my_robot_gazebo
-- Up-to-date symlink: /home/wook/my_mobile/install/my_robot_gazebo/share/my_robot_gazebo/environment/ament_prefix_path.sh
-- Up-to-date symlink: /home/wook/my_mobile/install/my_robot_gazebo/share/my_robot_gazebo/environment/ament_prefix_path.dsv
-- Up-to-date symlink: /home/wook/my_mobile/install/my_robot_gazebo/share/my_robot_gazebo/environment/path.sh
-- Up-to-date symlink: /home/wook/my_mobile/install/my_robot_gazebo/share/my_robot_gazebo/environment/path.dsv
-- Up-to-date symlink: /home/wook/my_mobile/install/my_robot_gazebo/share/my_robot_gazebo/local_setup.bash
-- Up-to-date symlink: /home/wook/my_mobile/install/my_robot_gazebo/share/my_robot_gazebo/local_setup.sh
-- Up-to-date symlink: /home/wook/my_mobile/install/my_robot_gazebo/share/my_robot_gazebo/local_setup.zsh
-- Up-to-date symlink: /home/wook/my_mobile/install/my_robot_gazebo/share/my_robot_gazebo/local_setup.dsv
-- Symlinking: /home/wook/my_mobile/install/my_robot_gazebo/share/my_robot_gazebo/package.dsv
-- Up-to-date symlink: /home/wook/my_mobile/install/my_robot_gazebo/share/ament_index/resource_index/packages/my_robot_gazebo
-- Up-to-date symlink: /home/wook/my_mobile/install/my_robot_gazebo/share/my_robot_gazebo/cmake/my_robot_gazeboConfig.cmake
-- Up-to-date symlink: /home/wook/my_mobile/install/my_robot_gazebo/share/my_robot_gazebo/cmake/my_robot_gazeboConfig-version.cmake
-- Up-to-date symlink: /home/wook/my_mobile/install/my_robot_gazebo/share/my_robot_gazebo/package.xml
