[0.013s] Invoking command in '/home/wook/my_mobile/build/my_robot_gazebo': CMAKE_PREFIX_PATH=${CMAKE_PREFIX_PATH}:/home/wook/dev_ws/install/turtlebot3_teleop:/opt/ros/humble /usr/bin/cmake --build /home/wook/my_mobile/build/my_robot_gazebo -- -j8 -l8
[0.036s] -- Found ament_cmake: 1.3.8 (/opt/ros/humble/share/ament_cmake/cmake)
[0.142s] -- Override CMake install command with custom implementation using symlinks instead of copying resources
[0.159s] -- Found ament_lint_auto: 0.12.10 (/opt/ros/humble/share/ament_lint_auto/cmake)
[0.214s] -- Added test 'lint_cmake' to check CMake code style
[0.215s] -- Added test 'xmllint' to check XML markup files
[0.216s] -- Configuring done
[0.219s] -- Generating done
[0.220s] -- Build files have been written to: /home/wook/my_mobile/build/my_robot_gazebo
[0.236s] Invoked command in '/home/wook/my_mobile/build/my_robot_gazebo' returned '0': CMAKE_PREFIX_PATH=${CMAKE_PREFIX_PATH}:/home/wook/dev_ws/install/turtlebot3_teleop:/opt/ros/humble /usr/bin/cmake --build /home/wook/my_mobile/build/my_robot_gazebo -- -j8 -l8
[0.254s] Invoking command in '/home/wook/my_mobile/build/my_robot_gazebo': CMAKE_PREFIX_PATH=${CMAKE_PREFIX_PATH}:/home/wook/dev_ws/install/turtlebot3_teleop:/opt/ros/humble /usr/bin/cmake --install /home/wook/my_mobile/build/my_robot_gazebo
[0.259s] -- Install configuration: ""
[0.259s] -- Execute custom install script
[0.260s] -- Up-to-date symlink: /home/wook/my_mobile/install/my_robot_gazebo/share/my_robot_gazebo/launch/launch_sim.launch.xml
[0.260s] -- Up-to-date symlink: /home/wook/my_mobile/install/my_robot_gazebo/share/my_robot_gazebo/config/my_controllers.yaml
[0.260s] -- Symlinking: /home/wook/my_mobile/install/my_robot_gazebo/share/my_robot_gazebo/worlds/empty.world
[0.267s] -- Symlinking: /home/wook/my_mobile/install/my_robot_gazebo/share/my_robot_gazebo/worlds/my_world.world
[0.274s] -- Symlinking: /home/wook/my_mobile/install/my_robot_gazebo/share/my_robot_gazebo/worlds/simple_building.world
[0.281s] -- Symlinking: /home/wook/my_mobile/install/my_robot_gazebo/share/my_robot_gazebo/models/.empty
[0.287s] -- Symlinking: /home/wook/my_mobile/install/my_robot_gazebo/share/my_robot_gazebo/models/my_world/model.config
[0.293s] -- Symlinking: /home/wook/my_mobile/install/my_robot_gazebo/share/my_robot_gazebo/models/my_world/model.sdf
[0.299s] -- Symlinking: /home/wook/my_mobile/install/my_robot_gazebo/share/my_robot_gazebo/models/simple_building/model.config
[0.305s] -- Symlinking: /home/wook/my_mobile/install/my_robot_gazebo/share/my_robot_gazebo/models/simple_building/model.sdf
[0.312s] -- Up-to-date symlink: /home/wook/my_mobile/install/my_robot_gazebo/share/ament_index/resource_index/package_run_dependencies/my_robot_gazebo
[0.312s] -- Up-to-date symlink: /home/wook/my_mobile/install/my_robot_gazebo/share/ament_index/resource_index/parent_prefix_path/my_robot_gazebo
[0.312s] -- Up-to-date symlink: /home/wook/my_mobile/install/my_robot_gazebo/share/my_robot_gazebo/environment/ament_prefix_path.sh
[0.312s] -- Up-to-date symlink: /home/wook/my_mobile/install/my_robot_gazebo/share/my_robot_gazebo/environment/ament_prefix_path.dsv
[0.312s] -- Up-to-date symlink: /home/wook/my_mobile/install/my_robot_gazebo/share/my_robot_gazebo/environment/path.sh
[0.312s] -- Up-to-date symlink: /home/wook/my_mobile/install/my_robot_gazebo/share/my_robot_gazebo/environment/path.dsv
[0.312s] -- Up-to-date symlink: /home/wook/my_mobile/install/my_robot_gazebo/share/my_robot_gazebo/local_setup.bash
[0.312s] -- Up-to-date symlink: /home/wook/my_mobile/install/my_robot_gazebo/share/my_robot_gazebo/local_setup.sh
[0.313s] -- Up-to-date symlink: /home/wook/my_mobile/install/my_robot_gazebo/share/my_robot_gazebo/local_setup.zsh
[0.313s] -- Up-to-date symlink: /home/wook/my_mobile/install/my_robot_gazebo/share/my_robot_gazebo/local_setup.dsv
[0.313s] -- Symlinking: /home/wook/my_mobile/install/my_robot_gazebo/share/my_robot_gazebo/package.dsv
[0.319s] -- Up-to-date symlink: /home/wook/my_mobile/install/my_robot_gazebo/share/ament_index/resource_index/packages/my_robot_gazebo
[0.320s] -- Up-to-date symlink: /home/wook/my_mobile/install/my_robot_gazebo/share/my_robot_gazebo/cmake/my_robot_gazeboConfig.cmake
[0.320s] -- Up-to-date symlink: /home/wook/my_mobile/install/my_robot_gazebo/share/my_robot_gazebo/cmake/my_robot_gazeboConfig-version.cmake
[0.320s] -- Up-to-date symlink: /home/wook/my_mobile/install/my_robot_gazebo/share/my_robot_gazebo/package.xml
[0.322s] Invoked command in '/home/wook/my_mobile/build/my_robot_gazebo' returned '0': CMAKE_PREFIX_PATH=${CMAKE_PREFIX_PATH}:/home/wook/dev_ws/install/turtlebot3_teleop:/opt/ros/humble /usr/bin/cmake --install /home/wook/my_mobile/build/my_robot_gazebo
