-- Found ament_cmake: 1.3.8 (/opt/ros/humble/share/ament_cmake/cmake)
-- Override CMake install command with custom implementation using symlinks instead of copying resources
-- Found ament_lint_auto: 0.12.10 (/opt/ros/humble/share/ament_lint_auto/cmake)
-- Added test 'lint_cmake' to check CMake code style
-- Added test 'xmllint' to check XML markup files
-- Configuring done
-- Generating done
-- Build files have been written to: /home/wook/my_mobile/build/my_robot_navigation
-- Install configuration: ""
-- Execute custom install script
-- Symlinking: /home/wook/my_mobile/install/my_robot_navigation/share/my_robot_navigation/launch/bringup_launch.xml
-- Symlinking: /home/wook/my_mobile/install/my_robot_navigation/share/my_robot_navigation/launch/localization_launch.xml
-- Up-to-date symlink: /home/wook/my_mobile/install/my_robot_navigation/share/my_robot_navigation/launch/map_building.launch.xml
-- Symlinking: /home/wook/my_mobile/install/my_robot_navigation/share/my_robot_navigation/launch/nav2_view.launch.xml
-- Symlinking: /home/wook/my_mobile/install/my_robot_navigation/share/my_robot_navigation/launch/navigation_launch.xml
-- Up-to-date symlink: /home/wook/my_mobile/install/my_robot_navigation/share/my_robot_navigation/config/mapper_params.yaml
-- Symlinking: /home/wook/my_mobile/install/my_robot_navigation/share/my_robot_navigation/config/nav2_params.yaml
-- Symlinking: /home/wook/my_mobile/install/my_robot_navigation/share/my_robot_navigation/maps/test_map.pgm
-- Symlinking: /home/wook/my_mobile/install/my_robot_navigation/share/my_robot_navigation/maps/test_map.yaml
-- Symlinking: /home/wook/my_mobile/install/my_robot_navigation/share/my_robot_navigation/rviz/nav2_view.rviz
-- Up-to-date symlink: /home/wook/my_mobile/install/my_robot_navigation/share/ament_index/resource_index/package_run_dependencies/my_robot_navigation
-- Up-to-date symlink: /home/wook/my_mobile/install/my_robot_navigation/share/ament_index/resource_index/parent_prefix_path/my_robot_navigation
-- Up-to-date symlink: /home/wook/my_mobile/install/my_robot_navigation/share/my_robot_navigation/environment/ament_prefix_path.sh
-- Up-to-date symlink: /home/wook/my_mobile/install/my_robot_navigation/share/my_robot_navigation/environment/ament_prefix_path.dsv
-- Up-to-date symlink: /home/wook/my_mobile/install/my_robot_navigation/share/my_robot_navigation/environment/path.sh
-- Up-to-date symlink: /home/wook/my_mobile/install/my_robot_navigation/share/my_robot_navigation/environment/path.dsv
-- Up-to-date symlink: /home/wook/my_mobile/install/my_robot_navigation/share/my_robot_navigation/local_setup.bash
-- Up-to-date symlink: /home/wook/my_mobile/install/my_robot_navigation/share/my_robot_navigation/local_setup.sh
-- Up-to-date symlink: /home/wook/my_mobile/install/my_robot_navigation/share/my_robot_navigation/local_setup.zsh
-- Up-to-date symlink: /home/wook/my_mobile/install/my_robot_navigation/share/my_robot_navigation/local_setup.dsv
-- Symlinking: /home/wook/my_mobile/install/my_robot_navigation/share/my_robot_navigation/package.dsv
-- Up-to-date symlink: /home/wook/my_mobile/install/my_robot_navigation/share/ament_index/resource_index/packages/my_robot_navigation
-- Up-to-date symlink: /home/wook/my_mobile/install/my_robot_navigation/share/my_robot_navigation/cmake/my_robot_navigationConfig.cmake
-- Up-to-date symlink: /home/wook/my_mobile/install/my_robot_navigation/share/my_robot_navigation/cmake/my_robot_navigationConfig-version.cmake
-- Up-to-date symlink: /home/wook/my_mobile/install/my_robot_navigation/share/my_robot_navigation/package.xml
