[0.069s] DEBUG:colcon:Command line arguments: ['/usr/bin/colcon', 'build', '--symlink-install']
[0.069s] DEBUG:colcon:Parsed command line arguments: Namespace(log_base=None, log_level=None, verb_name='build', build_base='build', install_base='install', merge_install=False, symlink_install=True, test_result_base=None, continue_on_error=False, executor='parallel', parallel_workers=8, event_handlers=None, ignore_user_meta=False, metas=['./colcon.meta'], base_paths=['.'], packages_ignore=None, packages_ignore_regex=None, paths=None, packages_up_to=None, packages_up_to_regex=None, packages_above=None, packages_above_and_dependencies=None, packages_above_depth=None, packages_select_by_dep=None, packages_skip_by_dep=None, packages_skip_up_to=None, packages_select_build_failed=False, packages_skip_build_finished=False, packages_select_test_failures=False, packages_skip_test_passed=False, packages_select=None, packages_skip=None, packages_select_regex=None, packages_skip_regex=None, packages_start=None, packages_end=None, allow_overriding=[], cmake_args=None, cmake_target=None, cmake_target_skip_unavailable=False, cmake_clean_cache=False, cmake_clean_first=False, cmake_force_configure=False, ament_cmake_args=None, catkin_cmake_args=None, catkin_skip_building_tests=False, mixin_files=None, mixin=None, verb_parser=<colcon_mixin.mixin.mixin_argument.MixinArgumentDecorator object at 0x70925eae1750>, verb_extension=<colcon_core.verb.build.BuildVerb object at 0x70925eae1180>, main=<bound method BuildVerb.main of <colcon_core.verb.build.BuildVerb object at 0x70925eae1180>>, mixin_verb=('build',))
[0.092s] Level 1:colcon.colcon_core.package_discovery:discover_packages(colcon_meta) check parameters
[0.092s] Level 1:colcon.colcon_core.package_discovery:discover_packages(recursive) check parameters
[0.092s] Level 1:colcon.colcon_core.package_discovery:discover_packages(ignore) check parameters
[0.092s] Level 1:colcon.colcon_core.package_discovery:discover_packages(path) check parameters
[0.092s] Level 1:colcon.colcon_core.package_discovery:discover_packages(colcon_meta) discover
[0.092s] Level 1:colcon.colcon_core.package_discovery:discover_packages(recursive) discover
[0.092s] INFO:colcon.colcon_core.package_discovery:Crawling recursively for packages in '/home/wook/my_mobile'
[0.092s] Level 1:colcon.colcon_core.package_identification:_identify(.) by extensions ['ignore', 'ignore_ament_install']
[0.092s] Level 1:colcon.colcon_core.package_identification:_identify(.) by extension 'ignore'
[0.092s] Level 1:colcon.colcon_core.package_identification:_identify(.) by extension 'ignore_ament_install'
[0.092s] Level 1:colcon.colcon_core.package_identification:_identify(.) by extensions ['colcon_pkg']
[0.092s] Level 1:colcon.colcon_core.package_identification:_identify(.) by extension 'colcon_pkg'
[0.092s] Level 1:colcon.colcon_core.package_identification:_identify(.) by extensions ['colcon_meta']
[0.092s] Level 1:colcon.colcon_core.package_identification:_identify(.) by extension 'colcon_meta'
[0.092s] Level 1:colcon.colcon_core.package_identification:_identify(.) by extensions ['ros']
[0.092s] Level 1:colcon.colcon_core.package_identification:_identify(.) by extension 'ros'
[0.102s] Level 1:colcon.colcon_core.package_identification:_identify(.) by extensions ['cmake', 'python']
[0.102s] Level 1:colcon.colcon_core.package_identification:_identify(.) by extension 'cmake'
[0.102s] Level 1:colcon.colcon_core.package_identification:_identify(.) by extension 'python'
[0.102s] Level 1:colcon.colcon_core.package_identification:_identify(.) by extensions ['python_setup_py']
[0.102s] Level 1:colcon.colcon_core.package_identification:_identify(.) by extension 'python_setup_py'
[0.102s] Level 1:colcon.colcon_core.package_identification:_identify(build) by extensions ['ignore', 'ignore_ament_install']
[0.102s] Level 1:colcon.colcon_core.package_identification:_identify(build) by extension 'ignore'
[0.102s] Level 1:colcon.colcon_core.package_identification:_identify(build) ignored
[0.102s] Level 1:colcon.colcon_core.package_identification:_identify(install) by extensions ['ignore', 'ignore_ament_install']
[0.102s] Level 1:colcon.colcon_core.package_identification:_identify(install) by extension 'ignore'
[0.102s] Level 1:colcon.colcon_core.package_identification:_identify(install) ignored
[0.102s] Level 1:colcon.colcon_core.package_identification:_identify(log) by extensions ['ignore', 'ignore_ament_install']
[0.102s] Level 1:colcon.colcon_core.package_identification:_identify(log) by extension 'ignore'
[0.102s] Level 1:colcon.colcon_core.package_identification:_identify(log) ignored
[0.102s] Level 1:colcon.colcon_core.package_identification:_identify(src) by extensions ['ignore', 'ignore_ament_install']
[0.102s] Level 1:colcon.colcon_core.package_identification:_identify(src) by extension 'ignore'
[0.102s] Level 1:colcon.colcon_core.package_identification:_identify(src) by extension 'ignore_ament_install'
[0.102s] Level 1:colcon.colcon_core.package_identification:_identify(src) by extensions ['colcon_pkg']
[0.102s] Level 1:colcon.colcon_core.package_identification:_identify(src) by extension 'colcon_pkg'
[0.102s] Level 1:colcon.colcon_core.package_identification:_identify(src) by extensions ['colcon_meta']
[0.102s] Level 1:colcon.colcon_core.package_identification:_identify(src) by extension 'colcon_meta'
[0.102s] Level 1:colcon.colcon_core.package_identification:_identify(src) by extensions ['ros']
[0.102s] Level 1:colcon.colcon_core.package_identification:_identify(src) by extension 'ros'
[0.102s] Level 1:colcon.colcon_core.package_identification:_identify(src) by extensions ['cmake', 'python']
[0.102s] Level 1:colcon.colcon_core.package_identification:_identify(src) by extension 'cmake'
[0.102s] Level 1:colcon.colcon_core.package_identification:_identify(src) by extension 'python'
[0.102s] Level 1:colcon.colcon_core.package_identification:_identify(src) by extensions ['python_setup_py']
[0.102s] Level 1:colcon.colcon_core.package_identification:_identify(src) by extension 'python_setup_py'
[0.103s] Level 1:colcon.colcon_core.package_identification:_identify(src/my_robot_description) by extensions ['ignore', 'ignore_ament_install']
[0.103s] Level 1:colcon.colcon_core.package_identification:_identify(src/my_robot_description) by extension 'ignore'
[0.103s] Level 1:colcon.colcon_core.package_identification:_identify(src/my_robot_description) by extension 'ignore_ament_install'
[0.103s] Level 1:colcon.colcon_core.package_identification:_identify(src/my_robot_description) by extensions ['colcon_pkg']
[0.103s] Level 1:colcon.colcon_core.package_identification:_identify(src/my_robot_description) by extension 'colcon_pkg'
[0.103s] Level 1:colcon.colcon_core.package_identification:_identify(src/my_robot_description) by extensions ['colcon_meta']
[0.103s] Level 1:colcon.colcon_core.package_identification:_identify(src/my_robot_description) by extension 'colcon_meta'
[0.103s] Level 1:colcon.colcon_core.package_identification:_identify(src/my_robot_description) by extensions ['ros']
[0.103s] Level 1:colcon.colcon_core.package_identification:_identify(src/my_robot_description) by extension 'ros'
[0.104s] DEBUG:colcon.colcon_core.package_identification:Package 'src/my_robot_description' with type 'ros.ament_cmake' and name 'my_robot_description'
[0.104s] Level 1:colcon.colcon_core.package_identification:_identify(src/my_robot_gazebo) by extensions ['ignore', 'ignore_ament_install']
[0.104s] Level 1:colcon.colcon_core.package_identification:_identify(src/my_robot_gazebo) by extension 'ignore'
[0.104s] Level 1:colcon.colcon_core.package_identification:_identify(src/my_robot_gazebo) by extension 'ignore_ament_install'
[0.104s] Level 1:colcon.colcon_core.package_identification:_identify(src/my_robot_gazebo) by extensions ['colcon_pkg']
[0.104s] Level 1:colcon.colcon_core.package_identification:_identify(src/my_robot_gazebo) by extension 'colcon_pkg'
[0.104s] Level 1:colcon.colcon_core.package_identification:_identify(src/my_robot_gazebo) by extensions ['colcon_meta']
[0.104s] Level 1:colcon.colcon_core.package_identification:_identify(src/my_robot_gazebo) by extension 'colcon_meta'
[0.104s] Level 1:colcon.colcon_core.package_identification:_identify(src/my_robot_gazebo) by extensions ['ros']
[0.104s] Level 1:colcon.colcon_core.package_identification:_identify(src/my_robot_gazebo) by extension 'ros'
[0.105s] DEBUG:colcon.colcon_core.package_identification:Package 'src/my_robot_gazebo' with type 'ros.ament_cmake' and name 'my_robot_gazebo'
[0.105s] Level 1:colcon.colcon_core.package_identification:_identify(src/my_robot_navigation) by extensions ['ignore', 'ignore_ament_install']
[0.105s] Level 1:colcon.colcon_core.package_identification:_identify(src/my_robot_navigation) by extension 'ignore'
[0.105s] Level 1:colcon.colcon_core.package_identification:_identify(src/my_robot_navigation) by extension 'ignore_ament_install'
[0.105s] Level 1:colcon.colcon_core.package_identification:_identify(src/my_robot_navigation) by extensions ['colcon_pkg']
[0.105s] Level 1:colcon.colcon_core.package_identification:_identify(src/my_robot_navigation) by extension 'colcon_pkg'
[0.105s] Level 1:colcon.colcon_core.package_identification:_identify(src/my_robot_navigation) by extensions ['colcon_meta']
[0.105s] Level 1:colcon.colcon_core.package_identification:_identify(src/my_robot_navigation) by extension 'colcon_meta'
[0.105s] Level 1:colcon.colcon_core.package_identification:_identify(src/my_robot_navigation) by extensions ['ros']
[0.105s] Level 1:colcon.colcon_core.package_identification:_identify(src/my_robot_navigation) by extension 'ros'
[0.105s] DEBUG:colcon.colcon_core.package_identification:Package 'src/my_robot_navigation' with type 'ros.ament_cmake' and name 'my_robot_navigation'
[0.105s] Level 1:colcon.colcon_core.package_discovery:discover_packages(recursive) using defaults
[0.105s] Level 1:colcon.colcon_core.package_discovery:discover_packages(ignore) discover
[0.105s] Level 1:colcon.colcon_core.package_discovery:discover_packages(ignore) using defaults
[0.105s] Level 1:colcon.colcon_core.package_discovery:discover_packages(path) discover
[0.105s] Level 1:colcon.colcon_core.package_discovery:discover_packages(path) using defaults
[0.117s] Level 1:colcon.colcon_core.package_discovery:discover_packages(prefix_path) check parameters
[0.117s] Level 1:colcon.colcon_core.package_discovery:discover_packages(prefix_path) discover
[0.119s] DEBUG:colcon.colcon_installed_package_information.package_discovery:Found 3 installed packages in /home/wook/my_mobile/install
[0.119s] DEBUG:colcon.colcon_installed_package_information.package_discovery:Found 11 installed packages in /home/wook/dev_ws/install
[0.119s] DEBUG:colcon.colcon_installed_package_information.package_discovery:Found 7 installed packages in /home/wook/amr_ws/pinkbot/install
[0.120s] DEBUG:colcon.colcon_installed_package_information.package_discovery:Found 411 installed packages in /opt/ros/humble
[0.122s] Level 1:colcon.colcon_core.package_discovery:discover_packages(prefix_path) using defaults
[0.152s] Level 5:colcon.colcon_core.verb:set package 'my_robot_description' build argument 'cmake_args' from command line to 'None'
[0.152s] Level 5:colcon.colcon_core.verb:set package 'my_robot_description' build argument 'cmake_target' from command line to 'None'
[0.152s] Level 5:colcon.colcon_core.verb:set package 'my_robot_description' build argument 'cmake_target_skip_unavailable' from command line to 'False'
[0.152s] Level 5:colcon.colcon_core.verb:set package 'my_robot_description' build argument 'cmake_clean_cache' from command line to 'False'
[0.152s] Level 5:colcon.colcon_core.verb:set package 'my_robot_description' build argument 'cmake_clean_first' from command line to 'False'
[0.152s] Level 5:colcon.colcon_core.verb:set package 'my_robot_description' build argument 'cmake_force_configure' from command line to 'False'
[0.152s] Level 5:colcon.colcon_core.verb:set package 'my_robot_description' build argument 'ament_cmake_args' from command line to 'None'
[0.152s] Level 5:colcon.colcon_core.verb:set package 'my_robot_description' build argument 'catkin_cmake_args' from command line to 'None'
[0.152s] Level 5:colcon.colcon_core.verb:set package 'my_robot_description' build argument 'catkin_skip_building_tests' from command line to 'False'
[0.152s] DEBUG:colcon.colcon_core.verb:Building package 'my_robot_description' with the following arguments: {'ament_cmake_args': None, 'build_base': '/home/wook/my_mobile/build/my_robot_description', 'catkin_cmake_args': None, 'catkin_skip_building_tests': False, 'cmake_args': None, 'cmake_clean_cache': False, 'cmake_clean_first': False, 'cmake_force_configure': False, 'cmake_target': None, 'cmake_target_skip_unavailable': False, 'install_base': '/home/wook/my_mobile/install/my_robot_description', 'merge_install': False, 'path': '/home/wook/my_mobile/src/my_robot_description', 'symlink_install': True, 'test_result_base': None}
[0.152s] Level 5:colcon.colcon_core.verb:set package 'my_robot_gazebo' build argument 'cmake_args' from command line to 'None'
[0.152s] Level 5:colcon.colcon_core.verb:set package 'my_robot_gazebo' build argument 'cmake_target' from command line to 'None'
[0.152s] Level 5:colcon.colcon_core.verb:set package 'my_robot_gazebo' build argument 'cmake_target_skip_unavailable' from command line to 'False'
[0.152s] Level 5:colcon.colcon_core.verb:set package 'my_robot_gazebo' build argument 'cmake_clean_cache' from command line to 'False'
[0.152s] Level 5:colcon.colcon_core.verb:set package 'my_robot_gazebo' build argument 'cmake_clean_first' from command line to 'False'
[0.152s] Level 5:colcon.colcon_core.verb:set package 'my_robot_gazebo' build argument 'cmake_force_configure' from command line to 'False'
[0.152s] Level 5:colcon.colcon_core.verb:set package 'my_robot_gazebo' build argument 'ament_cmake_args' from command line to 'None'
[0.152s] Level 5:colcon.colcon_core.verb:set package 'my_robot_gazebo' build argument 'catkin_cmake_args' from command line to 'None'
[0.152s] Level 5:colcon.colcon_core.verb:set package 'my_robot_gazebo' build argument 'catkin_skip_building_tests' from command line to 'False'
[0.153s] DEBUG:colcon.colcon_core.verb:Building package 'my_robot_gazebo' with the following arguments: {'ament_cmake_args': None, 'build_base': '/home/wook/my_mobile/build/my_robot_gazebo', 'catkin_cmake_args': None, 'catkin_skip_building_tests': False, 'cmake_args': None, 'cmake_clean_cache': False, 'cmake_clean_first': False, 'cmake_force_configure': False, 'cmake_target': None, 'cmake_target_skip_unavailable': False, 'install_base': '/home/wook/my_mobile/install/my_robot_gazebo', 'merge_install': False, 'path': '/home/wook/my_mobile/src/my_robot_gazebo', 'symlink_install': True, 'test_result_base': None}
[0.153s] Level 5:colcon.colcon_core.verb:set package 'my_robot_navigation' build argument 'cmake_args' from command line to 'None'
[0.153s] Level 5:colcon.colcon_core.verb:set package 'my_robot_navigation' build argument 'cmake_target' from command line to 'None'
[0.153s] Level 5:colcon.colcon_core.verb:set package 'my_robot_navigation' build argument 'cmake_target_skip_unavailable' from command line to 'False'
[0.153s] Level 5:colcon.colcon_core.verb:set package 'my_robot_navigation' build argument 'cmake_clean_cache' from command line to 'False'
[0.153s] Level 5:colcon.colcon_core.verb:set package 'my_robot_navigation' build argument 'cmake_clean_first' from command line to 'False'
[0.153s] Level 5:colcon.colcon_core.verb:set package 'my_robot_navigation' build argument 'cmake_force_configure' from command line to 'False'
[0.153s] Level 5:colcon.colcon_core.verb:set package 'my_robot_navigation' build argument 'ament_cmake_args' from command line to 'None'
[0.153s] Level 5:colcon.colcon_core.verb:set package 'my_robot_navigation' build argument 'catkin_cmake_args' from command line to 'None'
[0.153s] Level 5:colcon.colcon_core.verb:set package 'my_robot_navigation' build argument 'catkin_skip_building_tests' from command line to 'False'
[0.153s] DEBUG:colcon.colcon_core.verb:Building package 'my_robot_navigation' with the following arguments: {'ament_cmake_args': None, 'build_base': '/home/wook/my_mobile/build/my_robot_navigation', 'catkin_cmake_args': None, 'catkin_skip_building_tests': False, 'cmake_args': None, 'cmake_clean_cache': False, 'cmake_clean_first': False, 'cmake_force_configure': False, 'cmake_target': None, 'cmake_target_skip_unavailable': False, 'install_base': '/home/wook/my_mobile/install/my_robot_navigation', 'merge_install': False, 'path': '/home/wook/my_mobile/src/my_robot_navigation', 'symlink_install': True, 'test_result_base': None}
[0.153s] INFO:colcon.colcon_core.executor:Executing jobs using 'parallel' executor
[0.154s] DEBUG:colcon.colcon_parallel_executor.executor.parallel:run_until_complete
[0.154s] INFO:colcon.colcon_ros.task.ament_cmake.build:Building ROS package in '/home/wook/my_mobile/src/my_robot_description' with build type 'ament_cmake'
[0.154s] INFO:colcon.colcon_cmake.task.cmake.build:Building CMake package in '/home/wook/my_mobile/src/my_robot_description'
[0.155s] INFO:colcon.colcon_core.plugin_system:Skipping extension 'colcon_core.shell.bat': Not used on non-Windows systems
[0.155s] INFO:colcon.colcon_core.shell:Skip shell extension 'powershell' for command environment: Not usable outside of PowerShell
[0.155s] DEBUG:colcon.colcon_core.shell:Skip shell extension 'dsv' for command environment
[0.159s] INFO:colcon.colcon_ros.task.ament_cmake.build:Building ROS package in '/home/wook/my_mobile/src/my_robot_gazebo' with build type 'ament_cmake'
[0.159s] INFO:colcon.colcon_cmake.task.cmake.build:Building CMake package in '/home/wook/my_mobile/src/my_robot_gazebo'
[0.159s] INFO:colcon.colcon_core.shell:Skip shell extension 'powershell' for command environment: Not usable outside of PowerShell
[0.159s] DEBUG:colcon.colcon_core.shell:Skip shell extension 'dsv' for command environment
[0.162s] INFO:colcon.colcon_ros.task.ament_cmake.build:Building ROS package in '/home/wook/my_mobile/src/my_robot_navigation' with build type 'ament_cmake'
[0.162s] INFO:colcon.colcon_cmake.task.cmake.build:Building CMake package in '/home/wook/my_mobile/src/my_robot_navigation'
[0.162s] INFO:colcon.colcon_core.shell:Skip shell extension 'powershell' for command environment: Not usable outside of PowerShell
[0.162s] DEBUG:colcon.colcon_core.shell:Skip shell extension 'dsv' for command environment
[0.168s] DEBUG:colcon.colcon_core.event_handler.log_command:Invoking command in '/home/wook/my_mobile/build/my_robot_description': CMAKE_PREFIX_PATH=${CMAKE_PREFIX_PATH}:/home/wook/dev_ws/install/turtlebot3_teleop:/opt/ros/humble /usr/bin/cmake --build /home/wook/my_mobile/build/my_robot_description -- -j8 -l8
[0.171s] DEBUG:colcon.colcon_core.event_handler.log_command:Invoking command in '/home/wook/my_mobile/build/my_robot_gazebo': CMAKE_PREFIX_PATH=${CMAKE_PREFIX_PATH}:/home/wook/dev_ws/install/turtlebot3_teleop:/opt/ros/humble /usr/bin/cmake --build /home/wook/my_mobile/build/my_robot_gazebo -- -j8 -l8
[0.173s] DEBUG:colcon.colcon_core.event_handler.log_command:Invoking command in '/home/wook/my_mobile/build/my_robot_navigation': CMAKE_PREFIX_PATH=${CMAKE_PREFIX_PATH}:/home/wook/dev_ws/install/turtlebot3_teleop:/opt/ros/humble /usr/bin/cmake --build /home/wook/my_mobile/build/my_robot_navigation -- -j8 -l8
[0.197s] DEBUG:colcon.colcon_core.event_handler.log_command:Invoked command in '/home/wook/my_mobile/build/my_robot_description' returned '0': CMAKE_PREFIX_PATH=${CMAKE_PREFIX_PATH}:/home/wook/dev_ws/install/turtlebot3_teleop:/opt/ros/humble /usr/bin/cmake --build /home/wook/my_mobile/build/my_robot_description -- -j8 -l8
[0.198s] DEBUG:colcon.colcon_core.event_handler.log_command:Invoked command in '/home/wook/my_mobile/build/my_robot_gazebo' returned '0': CMAKE_PREFIX_PATH=${CMAKE_PREFIX_PATH}:/home/wook/dev_ws/install/turtlebot3_teleop:/opt/ros/humble /usr/bin/cmake --build /home/wook/my_mobile/build/my_robot_gazebo -- -j8 -l8
[0.220s] DEBUG:colcon.colcon_core.event_handler.log_command:Invoking command in '/home/wook/my_mobile/build/my_robot_description': CMAKE_PREFIX_PATH=${CMAKE_PREFIX_PATH}:/home/wook/dev_ws/install/turtlebot3_teleop:/opt/ros/humble /usr/bin/cmake --install /home/wook/my_mobile/build/my_robot_description
[0.222s] DEBUG:colcon.colcon_core.event_handler.log_command:Invoking command in '/home/wook/my_mobile/build/my_robot_gazebo': CMAKE_PREFIX_PATH=${CMAKE_PREFIX_PATH}:/home/wook/dev_ws/install/turtlebot3_teleop:/opt/ros/humble /usr/bin/cmake --install /home/wook/my_mobile/build/my_robot_gazebo
[0.238s] Level 1:colcon.colcon_core.environment:create_environment_scripts_only(my_robot_gazebo)
[0.239s] DEBUG:colcon.colcon_core.event_handler.log_command:Invoked command in '/home/wook/my_mobile/build/my_robot_gazebo' returned '0': CMAKE_PREFIX_PATH=${CMAKE_PREFIX_PATH}:/home/wook/dev_ws/install/turtlebot3_teleop:/opt/ros/humble /usr/bin/cmake --install /home/wook/my_mobile/build/my_robot_gazebo
[0.240s] Level 1:colcon.colcon_core.environment:checking '/home/wook/my_mobile/install/my_robot_gazebo' for CMake module files
[0.241s] Level 1:colcon.colcon_core.environment:checking '/home/wook/my_mobile/install/my_robot_gazebo' for CMake config files
[0.241s] Level 1:colcon.colcon_core.shell:create_environment_hook('my_robot_gazebo', 'cmake_prefix_path')
[0.241s] INFO:colcon.colcon_core.shell:Creating environment hook '/home/wook/my_mobile/install/my_robot_gazebo/share/my_robot_gazebo/hook/cmake_prefix_path.ps1'
[0.241s] INFO:colcon.colcon_core.shell:Creating environment descriptor '/home/wook/my_mobile/install/my_robot_gazebo/share/my_robot_gazebo/hook/cmake_prefix_path.dsv'
[0.242s] INFO:colcon.colcon_core.shell:Creating environment hook '/home/wook/my_mobile/install/my_robot_gazebo/share/my_robot_gazebo/hook/cmake_prefix_path.sh'
[0.242s] Level 1:colcon.colcon_core.environment:checking '/home/wook/my_mobile/install/my_robot_gazebo/bin'
[0.242s] Level 1:colcon.colcon_core.environment:checking '/home/wook/my_mobile/install/my_robot_gazebo/lib/pkgconfig/my_robot_gazebo.pc'
[0.242s] Level 1:colcon.colcon_core.environment:checking '/home/wook/my_mobile/install/my_robot_gazebo/lib/python3.10/site-packages'
[0.242s] Level 1:colcon.colcon_core.environment:checking '/home/wook/my_mobile/install/my_robot_gazebo/bin'
[0.243s] INFO:colcon.colcon_core.shell:Creating package script '/home/wook/my_mobile/install/my_robot_gazebo/share/my_robot_gazebo/package.ps1'
[0.243s] INFO:colcon.colcon_core.shell:Creating package descriptor '/home/wook/my_mobile/install/my_robot_gazebo/share/my_robot_gazebo/package.dsv'
[0.243s] INFO:colcon.colcon_core.shell:Creating package script '/home/wook/my_mobile/install/my_robot_gazebo/share/my_robot_gazebo/package.sh'
[0.244s] INFO:colcon.colcon_core.shell:Creating package script '/home/wook/my_mobile/install/my_robot_gazebo/share/my_robot_gazebo/package.bash'
[0.244s] INFO:colcon.colcon_core.shell:Creating package script '/home/wook/my_mobile/install/my_robot_gazebo/share/my_robot_gazebo/package.zsh'
[0.244s] Level 1:colcon.colcon_core.environment:create_file_with_runtime_dependencies(/home/wook/my_mobile/install/my_robot_gazebo/share/colcon-core/packages/my_robot_gazebo)
[0.245s] Level 1:colcon.colcon_core.environment:create_environment_scripts_only(my_robot_description)
[0.246s] Level 1:colcon.colcon_core.environment:checking '/home/wook/my_mobile/install/my_robot_description' for CMake module files
[0.246s] DEBUG:colcon.colcon_core.event_handler.log_command:Invoked command in '/home/wook/my_mobile/build/my_robot_description' returned '0': CMAKE_PREFIX_PATH=${CMAKE_PREFIX_PATH}:/home/wook/dev_ws/install/turtlebot3_teleop:/opt/ros/humble /usr/bin/cmake --install /home/wook/my_mobile/build/my_robot_description
[0.246s] Level 1:colcon.colcon_core.environment:checking '/home/wook/my_mobile/install/my_robot_description' for CMake config files
[0.246s] Level 1:colcon.colcon_core.shell:create_environment_hook('my_robot_description', 'cmake_prefix_path')
[0.247s] INFO:colcon.colcon_core.shell:Creating environment hook '/home/wook/my_mobile/install/my_robot_description/share/my_robot_description/hook/cmake_prefix_path.ps1'
[0.247s] INFO:colcon.colcon_core.shell:Creating environment descriptor '/home/wook/my_mobile/install/my_robot_description/share/my_robot_description/hook/cmake_prefix_path.dsv'
[0.247s] INFO:colcon.colcon_core.shell:Creating environment hook '/home/wook/my_mobile/install/my_robot_description/share/my_robot_description/hook/cmake_prefix_path.sh'
[0.247s] Level 1:colcon.colcon_core.environment:checking '/home/wook/my_mobile/install/my_robot_description/bin'
[0.247s] Level 1:colcon.colcon_core.environment:checking '/home/wook/my_mobile/install/my_robot_description/lib/pkgconfig/my_robot_description.pc'
[0.247s] Level 1:colcon.colcon_core.environment:checking '/home/wook/my_mobile/install/my_robot_description/lib/python3.10/site-packages'
[0.248s] Level 1:colcon.colcon_core.environment:checking '/home/wook/my_mobile/install/my_robot_description/bin'
[0.248s] INFO:colcon.colcon_core.shell:Creating package script '/home/wook/my_mobile/install/my_robot_description/share/my_robot_description/package.ps1'
[0.248s] INFO:colcon.colcon_core.shell:Creating package descriptor '/home/wook/my_mobile/install/my_robot_description/share/my_robot_description/package.dsv'
[0.248s] INFO:colcon.colcon_core.shell:Creating package script '/home/wook/my_mobile/install/my_robot_description/share/my_robot_description/package.sh'
[0.248s] INFO:colcon.colcon_core.shell:Creating package script '/home/wook/my_mobile/install/my_robot_description/share/my_robot_description/package.bash'
[0.249s] INFO:colcon.colcon_core.shell:Creating package script '/home/wook/my_mobile/install/my_robot_description/share/my_robot_description/package.zsh'
[0.249s] Level 1:colcon.colcon_core.environment:create_file_with_runtime_dependencies(/home/wook/my_mobile/install/my_robot_description/share/colcon-core/packages/my_robot_description)
[0.260s] Level 1:colcon.colcon_core.environment:create_environment_scripts_only(my_robot_gazebo)
[0.261s] Level 1:colcon.colcon_core.environment:checking '/home/wook/my_mobile/install/my_robot_gazebo' for CMake module files
[0.261s] Level 1:colcon.colcon_core.environment:checking '/home/wook/my_mobile/install/my_robot_gazebo' for CMake config files
[0.261s] Level 1:colcon.colcon_core.shell:create_environment_hook('my_robot_gazebo', 'cmake_prefix_path')
[0.261s] INFO:colcon.colcon_core.shell:Creating environment hook '/home/wook/my_mobile/install/my_robot_gazebo/share/my_robot_gazebo/hook/cmake_prefix_path.ps1'
[0.262s] INFO:colcon.colcon_core.shell:Creating environment descriptor '/home/wook/my_mobile/install/my_robot_gazebo/share/my_robot_gazebo/hook/cmake_prefix_path.dsv'
[0.262s] INFO:colcon.colcon_core.shell:Creating environment hook '/home/wook/my_mobile/install/my_robot_gazebo/share/my_robot_gazebo/hook/cmake_prefix_path.sh'
[0.262s] Level 1:colcon.colcon_core.environment:checking '/home/wook/my_mobile/install/my_robot_gazebo/bin'
[0.262s] Level 1:colcon.colcon_core.environment:checking '/home/wook/my_mobile/install/my_robot_gazebo/lib/pkgconfig/my_robot_gazebo.pc'
[0.262s] Level 1:colcon.colcon_core.environment:checking '/home/wook/my_mobile/install/my_robot_gazebo/lib/python3.10/site-packages'
[0.263s] Level 1:colcon.colcon_core.environment:checking '/home/wook/my_mobile/install/my_robot_gazebo/bin'
[0.263s] INFO:colcon.colcon_core.shell:Creating package script '/home/wook/my_mobile/install/my_robot_gazebo/share/my_robot_gazebo/package.ps1'
[0.263s] INFO:colcon.colcon_core.shell:Creating package descriptor '/home/wook/my_mobile/install/my_robot_gazebo/share/my_robot_gazebo/package.dsv'
[0.264s] INFO:colcon.colcon_core.shell:Creating package script '/home/wook/my_mobile/install/my_robot_gazebo/share/my_robot_gazebo/package.sh'
[0.264s] INFO:colcon.colcon_core.shell:Creating package script '/home/wook/my_mobile/install/my_robot_gazebo/share/my_robot_gazebo/package.bash'
[0.264s] INFO:colcon.colcon_core.shell:Creating package script '/home/wook/my_mobile/install/my_robot_gazebo/share/my_robot_gazebo/package.zsh'
[0.264s] Level 1:colcon.colcon_core.environment:create_file_with_runtime_dependencies(/home/wook/my_mobile/install/my_robot_gazebo/share/colcon-core/packages/my_robot_gazebo)
[0.265s] Level 1:colcon.colcon_core.environment:create_environment_scripts_only(my_robot_description)
[0.265s] Level 1:colcon.colcon_core.environment:checking '/home/wook/my_mobile/install/my_robot_description' for CMake module files
[0.266s] Level 1:colcon.colcon_core.environment:checking '/home/wook/my_mobile/install/my_robot_description' for CMake config files
[0.266s] Level 1:colcon.colcon_core.shell:create_environment_hook('my_robot_description', 'cmake_prefix_path')
[0.266s] INFO:colcon.colcon_core.shell:Creating environment hook '/home/wook/my_mobile/install/my_robot_description/share/my_robot_description/hook/cmake_prefix_path.ps1'
[0.266s] INFO:colcon.colcon_core.shell:Creating environment descriptor '/home/wook/my_mobile/install/my_robot_description/share/my_robot_description/hook/cmake_prefix_path.dsv'
[0.267s] INFO:colcon.colcon_core.shell:Creating environment hook '/home/wook/my_mobile/install/my_robot_description/share/my_robot_description/hook/cmake_prefix_path.sh'
[0.267s] Level 1:colcon.colcon_core.environment:checking '/home/wook/my_mobile/install/my_robot_description/bin'
[0.267s] Level 1:colcon.colcon_core.environment:checking '/home/wook/my_mobile/install/my_robot_description/lib/pkgconfig/my_robot_description.pc'
[0.267s] Level 1:colcon.colcon_core.environment:checking '/home/wook/my_mobile/install/my_robot_description/lib/python3.10/site-packages'
[0.267s] Level 1:colcon.colcon_core.environment:checking '/home/wook/my_mobile/install/my_robot_description/bin'
[0.268s] INFO:colcon.colcon_core.shell:Creating package script '/home/wook/my_mobile/install/my_robot_description/share/my_robot_description/package.ps1'
[0.268s] INFO:colcon.colcon_core.shell:Creating package descriptor '/home/wook/my_mobile/install/my_robot_description/share/my_robot_description/package.dsv'
[0.268s] INFO:colcon.colcon_core.shell:Creating package script '/home/wook/my_mobile/install/my_robot_description/share/my_robot_description/package.sh'
[0.269s] INFO:colcon.colcon_core.shell:Creating package script '/home/wook/my_mobile/install/my_robot_description/share/my_robot_description/package.bash'
[0.269s] INFO:colcon.colcon_core.shell:Creating package script '/home/wook/my_mobile/install/my_robot_description/share/my_robot_description/package.zsh'
[0.269s] Level 1:colcon.colcon_core.environment:create_file_with_runtime_dependencies(/home/wook/my_mobile/install/my_robot_description/share/colcon-core/packages/my_robot_description)
[0.348s] DEBUG:colcon.colcon_core.event_handler.log_command:Invoked command in '/home/wook/my_mobile/build/my_robot_navigation' returned '0': CMAKE_PREFIX_PATH=${CMAKE_PREFIX_PATH}:/home/wook/dev_ws/install/turtlebot3_teleop:/opt/ros/humble /usr/bin/cmake --build /home/wook/my_mobile/build/my_robot_navigation -- -j8 -l8
[0.365s] DEBUG:colcon.colcon_core.event_handler.log_command:Invoking command in '/home/wook/my_mobile/build/my_robot_navigation': CMAKE_PREFIX_PATH=${CMAKE_PREFIX_PATH}:/home/wook/dev_ws/install/turtlebot3_teleop:/opt/ros/humble /usr/bin/cmake --install /home/wook/my_mobile/build/my_robot_navigation
[0.434s] Level 1:colcon.colcon_core.environment:create_environment_scripts_only(my_robot_navigation)
[0.434s] Level 1:colcon.colcon_core.environment:checking '/home/wook/my_mobile/install/my_robot_navigation' for CMake module files
[0.434s] DEBUG:colcon.colcon_core.event_handler.log_command:Invoked command in '/home/wook/my_mobile/build/my_robot_navigation' returned '0': CMAKE_PREFIX_PATH=${CMAKE_PREFIX_PATH}:/home/wook/dev_ws/install/turtlebot3_teleop:/opt/ros/humble /usr/bin/cmake --install /home/wook/my_mobile/build/my_robot_navigation
[0.435s] Level 1:colcon.colcon_core.environment:checking '/home/wook/my_mobile/install/my_robot_navigation' for CMake config files
[0.435s] Level 1:colcon.colcon_core.shell:create_environment_hook('my_robot_navigation', 'cmake_prefix_path')
[0.435s] INFO:colcon.colcon_core.shell:Creating environment hook '/home/wook/my_mobile/install/my_robot_navigation/share/my_robot_navigation/hook/cmake_prefix_path.ps1'
[0.435s] INFO:colcon.colcon_core.shell:Creating environment descriptor '/home/wook/my_mobile/install/my_robot_navigation/share/my_robot_navigation/hook/cmake_prefix_path.dsv'
[0.436s] INFO:colcon.colcon_core.shell:Creating environment hook '/home/wook/my_mobile/install/my_robot_navigation/share/my_robot_navigation/hook/cmake_prefix_path.sh'
[0.436s] Level 1:colcon.colcon_core.environment:checking '/home/wook/my_mobile/install/my_robot_navigation/bin'
[0.436s] Level 1:colcon.colcon_core.environment:checking '/home/wook/my_mobile/install/my_robot_navigation/lib/pkgconfig/my_robot_navigation.pc'
[0.436s] Level 1:colcon.colcon_core.environment:checking '/home/wook/my_mobile/install/my_robot_navigation/lib/python3.10/site-packages'
[0.436s] Level 1:colcon.colcon_core.environment:checking '/home/wook/my_mobile/install/my_robot_navigation/bin'
[0.437s] INFO:colcon.colcon_core.shell:Creating package script '/home/wook/my_mobile/install/my_robot_navigation/share/my_robot_navigation/package.ps1'
[0.437s] INFO:colcon.colcon_core.shell:Creating package descriptor '/home/wook/my_mobile/install/my_robot_navigation/share/my_robot_navigation/package.dsv'
[0.437s] INFO:colcon.colcon_core.shell:Creating package script '/home/wook/my_mobile/install/my_robot_navigation/share/my_robot_navigation/package.sh'
[0.437s] INFO:colcon.colcon_core.shell:Creating package script '/home/wook/my_mobile/install/my_robot_navigation/share/my_robot_navigation/package.bash'
[0.438s] INFO:colcon.colcon_core.shell:Creating package script '/home/wook/my_mobile/install/my_robot_navigation/share/my_robot_navigation/package.zsh'
[0.438s] Level 1:colcon.colcon_core.environment:create_file_with_runtime_dependencies(/home/wook/my_mobile/install/my_robot_navigation/share/colcon-core/packages/my_robot_navigation)
[0.458s] Level 1:colcon.colcon_core.environment:create_environment_scripts_only(my_robot_navigation)
[0.458s] Level 1:colcon.colcon_core.environment:checking '/home/wook/my_mobile/install/my_robot_navigation' for CMake module files
[0.459s] Level 1:colcon.colcon_core.environment:checking '/home/wook/my_mobile/install/my_robot_navigation' for CMake config files
[0.459s] Level 1:colcon.colcon_core.shell:create_environment_hook('my_robot_navigation', 'cmake_prefix_path')
[0.459s] INFO:colcon.colcon_core.shell:Creating environment hook '/home/wook/my_mobile/install/my_robot_navigation/share/my_robot_navigation/hook/cmake_prefix_path.ps1'
[0.459s] INFO:colcon.colcon_core.shell:Creating environment descriptor '/home/wook/my_mobile/install/my_robot_navigation/share/my_robot_navigation/hook/cmake_prefix_path.dsv'
[0.460s] INFO:colcon.colcon_core.shell:Creating environment hook '/home/wook/my_mobile/install/my_robot_navigation/share/my_robot_navigation/hook/cmake_prefix_path.sh'
[0.460s] Level 1:colcon.colcon_core.environment:checking '/home/wook/my_mobile/install/my_robot_navigation/bin'
[0.460s] Level 1:colcon.colcon_core.environment:checking '/home/wook/my_mobile/install/my_robot_navigation/lib/pkgconfig/my_robot_navigation.pc'
[0.460s] Level 1:colcon.colcon_core.environment:checking '/home/wook/my_mobile/install/my_robot_navigation/lib/python3.10/site-packages'
[0.461s] Level 1:colcon.colcon_core.environment:checking '/home/wook/my_mobile/install/my_robot_navigation/bin'
[0.461s] INFO:colcon.colcon_core.shell:Creating package script '/home/wook/my_mobile/install/my_robot_navigation/share/my_robot_navigation/package.ps1'
[0.461s] INFO:colcon.colcon_core.shell:Creating package descriptor '/home/wook/my_mobile/install/my_robot_navigation/share/my_robot_navigation/package.dsv'
[0.462s] INFO:colcon.colcon_core.shell:Creating package script '/home/wook/my_mobile/install/my_robot_navigation/share/my_robot_navigation/package.sh'
[0.462s] INFO:colcon.colcon_core.shell:Creating package script '/home/wook/my_mobile/install/my_robot_navigation/share/my_robot_navigation/package.bash'
[0.462s] INFO:colcon.colcon_core.shell:Creating package script '/home/wook/my_mobile/install/my_robot_navigation/share/my_robot_navigation/package.zsh'
[0.463s] Level 1:colcon.colcon_core.environment:create_file_with_runtime_dependencies(/home/wook/my_mobile/install/my_robot_navigation/share/colcon-core/packages/my_robot_navigation)
[0.463s] DEBUG:colcon.colcon_parallel_executor.executor.parallel:closing loop
[0.463s] DEBUG:colcon.colcon_parallel_executor.executor.parallel:loop closed
[0.463s] DEBUG:colcon.colcon_parallel_executor.executor.parallel:run_until_complete finished with '0'
[0.463s] DEBUG:colcon.colcon_core.event_reactor:joining thread
[0.467s] INFO:colcon.colcon_core.plugin_system:Skipping extension 'colcon_notification.desktop_notification.terminal_notifier': Not used on non-Darwin systems
[0.467s] INFO:colcon.colcon_core.plugin_system:Skipping extension 'colcon_notification.desktop_notification.win32': Not used on non-Windows systems
[0.467s] INFO:colcon.colcon_notification.desktop_notification:Sending desktop notification using 'notify2'
[0.475s] DEBUG:colcon.colcon_core.event_reactor:joined thread
[0.475s] INFO:colcon.colcon_core.shell:Creating prefix script '/home/wook/my_mobile/install/local_setup.ps1'
[0.476s] INFO:colcon.colcon_core.shell:Creating prefix util module '/home/wook/my_mobile/install/_local_setup_util_ps1.py'
[0.477s] INFO:colcon.colcon_core.shell:Creating prefix chain script '/home/wook/my_mobile/install/setup.ps1'
[0.478s] INFO:colcon.colcon_core.shell:Creating prefix script '/home/wook/my_mobile/install/local_setup.sh'
[0.479s] INFO:colcon.colcon_core.shell:Creating prefix util module '/home/wook/my_mobile/install/_local_setup_util_sh.py'
[0.479s] INFO:colcon.colcon_core.shell:Creating prefix chain script '/home/wook/my_mobile/install/setup.sh'
[0.480s] INFO:colcon.colcon_core.shell:Creating prefix script '/home/wook/my_mobile/install/local_setup.bash'
[0.481s] INFO:colcon.colcon_core.shell:Creating prefix chain script '/home/wook/my_mobile/install/setup.bash'
[0.491s] INFO:colcon.colcon_core.shell:Creating prefix script '/home/wook/my_mobile/install/local_setup.zsh'
[0.491s] INFO:colcon.colcon_core.shell:Creating prefix chain script '/home/wook/my_mobile/install/setup.zsh'
